<?xml version="1.0" encoding="UTF-8"?>
<!-- Generated by org.testng.reporters.JUnitReportReporter -->
<testsuite hostname="DESKTOP-308DFFT" failures="0" tests="1" name="Selenium.Learning.BaseClass" time="1.923" errors="0" timestamp="2025-02-12T20:45:17 IST" skipped="0">
  <testcase classname="Selenium.Learning.BaseClass" name="startTestCase" time="1.923"/>
  <system-out/>
</testsuite> <!-- Selenium.Learning.BaseClass -->
