<?xml version="1.0" encoding="UTF-8"?>
<!-- Generated by org.testng.reporters.JUnitReportReporter -->
<testsuite hostname="DESKTOP-308DFFT" failures="0" tests="1" name="SeleniumLearning.BaseClass" time="2.846" errors="0" timestamp="2025-02-12T20:54:46 IST" skipped="0">
  <testcase classname="SeleniumLearning.BaseClass" name="startTestCase" time="2.846"/>
  <system-out/>
</testsuite> <!-- SeleniumLearning.BaseClass -->
