<?xml version="1.0" encoding="UTF-8"?>
<!-- Generated by org.testng.reporters.JUnitReportReporter -->
<testsuite hostname="DESKTOP-308DFFT" failures="0" tests="1" name="SeleniumLearning.BaseClass" time="2.167" errors="0" timestamp="2025-02-13T08:17:51 IST" skipped="0">
  <testcase classname="SeleniumLearning.BaseClass" name="startTestCase" time="2.167"/>
</testsuite> <!-- SeleniumLearning.BaseClass -->
