<?xml version="1.0" encoding="UTF-8"?>
<!-- Generated by org.testng.reporters.JUnitReportReporter -->
<testsuite hostname="DESKTOP-308DFFT" failures="0" tests="1" name="SeleniumLearning.BaseClass" time="2.124" errors="0" timestamp="2025-02-12T22:50:22 IST" skipped="0">
  <testcase classname="SeleniumLearning.BaseClass" name="startTestCase" time="2.124"/>
</testsuite> <!-- SeleniumLearning.BaseClass -->
